<?xml version="1.0" encoding="UTF-8" ?>
<testsuites name="vitest tests" tests="8" failures="0" errors="0" time="5.3492534">
    <testsuite name="src/presentation/pages/login/login.test.tsx" timestamp="2026-06-11T16:17:50.535Z" hostname="DESKTOP-MOGJ9N6" tests="8" failures="0" errors="0" skipped="0" time="5.3492534">
        <testcase classname="src/presentation/pages/login/login.test.tsx" name="Login &gt; Mock de login &gt; deve navegar para home quando login retorna sucesso" time="2.6005258">
        </testcase>
        <testcase classname="src/presentation/pages/login/login.test.tsx" name="Login &gt; Mock de login &gt; deve mostrar erro quando login retorna falha" time="0.9811419">
        </testcase>
        <testcase classname="src/presentation/pages/login/login.test.tsx" name="Login &gt; should render email and password inputs" time="0.0174483">
        </testcase>
        <testcase classname="src/presentation/pages/login/login.test.tsx" name="Login &gt; should render the submit button with correct text" time="0.3125386">
        </testcase>
        <testcase classname="src/presentation/pages/login/login.test.tsx" name="Login &gt; should render the &apos;Esqueceu a senha?&apos; link" time="0.0195177">
        </testcase>
        <testcase classname="src/presentation/pages/login/login.test.tsx" name="Login &gt; should start with password field hidden" time="0.0183239">
        </testcase>
        <testcase classname="src/presentation/pages/login/login.test.tsx" name="Login &gt; should toggle password visibility when clicking the eye button" time="0.4658415">
        </testcase>
        <testcase classname="src/presentation/pages/login/login.test.tsx" name="Login &gt; should call login on form submission" time="0.9297563">
        </testcase>
    </testsuite>
</testsuites>
